<?xml version="1.0" encoding="UTF-8"?>
<testng-results ignored="0" total="2" passed="2" failed="0" skipped="0">
  <reporter-output>
  </reporter-output>
  <suite started-at="2022-10-26T15:37:56 AEDT" name="Surefire suite" finished-at="2022-10-26T15:38:10 AEDT" duration-ms="14623">
    <groups>
      <group name="cucumber">
        <method signature="AbstractTestNGCucumberTests.runScenario(io.cucumber.testng.PickleWrapper,io.cucumber.testng.FeatureWrapper)[pri:0, instance:RunnerClass.TestRunner@2dde1bff]" name="runScenario" class="io.cucumber.testng.AbstractTestNGCucumberTests"/>
      </group> <!-- cucumber -->
    </groups>
    <test started-at="2022-10-26T15:37:56 AEDT" name="Surefire test" finished-at="2022-10-26T15:38:10 AEDT" duration-ms="14623">
      <class name="SeleniumCode.AnotherTest">
        <test-method signature="test03()[pri:0, instance:SeleniumCode.AnotherTest@2fd1433e]" started-at="2022-10-26T15:38:10 AEDT" name="test03" finished-at="2022-10-26T15:38:10 AEDT" duration-ms="0" status="PASS">
          <reporter-output>
          </reporter-output>
        </test-method> <!-- test03 -->
      </class> <!-- SeleniumCode.AnotherTest -->
      <class name="RunnerClass.TestRunner">
        <test-method is-config="true" signature="setUpClass(org.testng.ITestContext)[pri:0, instance:RunnerClass.TestRunner@2dde1bff]" started-at="2022-10-26T15:37:56 AEDT" name="setUpClass" finished-at="2022-10-26T15:37:58 AEDT" duration-ms="1726" status="PASS">
          <params>
            <param index="0">
              <value>
                <![CDATA[org.testng.TestRunner@5f7eee96]]>
              </value>
            </param>
          </params>
          <reporter-output>
          </reporter-output>
        </test-method> <!-- setUpClass -->
        <test-method signature="runScenario(io.cucumber.testng.PickleWrapper,io.cucumber.testng.FeatureWrapper)[pri:0, instance:RunnerClass.TestRunner@2dde1bff]" started-at="2022-10-26T15:37:58 AEDT" name="runScenario" description="Runs Cucumber Scenarios" data-provider="scenarios" finished-at="2022-10-26T15:38:10 AEDT" duration-ms="12393" status="PASS">
          <params>
            <param index="0">
              <value>
                <![CDATA["Navigate to HN website"]]>
              </value>
            </param>
            <param index="1">
              <value>
                <![CDATA["HN homepage"]]>
              </value>
            </param>
          </params>
          <reporter-output>
          </reporter-output>
        </test-method> <!-- runScenario -->
        <test-method is-config="true" signature="tearDownClass()[pri:0, instance:RunnerClass.TestRunner@2dde1bff]" started-at="2022-10-26T15:38:10 AEDT" name="tearDownClass" finished-at="2022-10-26T15:38:10 AEDT" duration-ms="323" status="PASS">
          <reporter-output>
          </reporter-output>
        </test-method> <!-- tearDownClass -->
      </class> <!-- RunnerClass.TestRunner -->
    </test> <!-- Surefire test -->
  </suite> <!-- Surefire suite -->
</testng-results>
